<?xml version="1.0" encoding="UTF-8"?>
<!-- Generated by org.testng.reporters.JUnitReportReporter -->
<testsuite hostname="KapilPC" failures="0" tests="2" name="Package1.Aspire_Test" time="27.468" errors="0" timestamp="2022-01-17T18:26:10 IST" skipped="0">
  <testcase classname="Package1.Aspire_Test" name="create_new_product" time="25.660"/>
  <system-out/>
  <testcase classname="Package1.Aspire_Test" name="Login" time="1.808"/>
  <system-out/>
</testsuite> <!-- Package1.Aspire_Test -->
